=================================================================
2D LJ dew-point fine scan
  N=128  ρ*=0.08  L=40.000σ
  T* sweep: [0.45, 0.455, 0.46, 0.463, 0.465, 0.468, 0.47]
  8 gas-init chains  |  step_size=2.00σ
  300K equil + 300K production
  Droplet threshold: OP > 0.15
=================================================================

── T*=0.450 ──────────────────────────────
  Equil 300K ... done  (OP post-equil: 0.169 ± 0.069)
  Prod  300K ... done.
  ⟨U/N⟩ = -0.6862 ± 0.0342
  ⟨OP⟩  = 0.1752 ± 0.0380
  P_drop = 0.544   chains_with_droplet = 5/8

── T*=0.455 ──────────────────────────────
  Equil 300K ... done  (OP post-equil: 0.142 ± 0.036)
  Prod  300K ... done.
  ⟨U/N⟩ = -0.6631 ± 0.0321
  ⟨OP⟩  = 0.1738 ± 0.0411
  P_drop = 0.492   chains_with_droplet = 5/8

── T*=0.460 ──────────────────────────────
  Equil 300K ... done  (OP post-equil: 0.187 ± 0.051)
  Prod  300K ... done.
  ⟨U/N⟩ = -0.6192 ± 0.0168
  ⟨OP⟩  = 0.1405 ± 0.0125
  P_drop = 0.379   chains_with_droplet = 2/8

── T*=0.463 ──────────────────────────────
  Equil 300K ... done  (OP post-equil: 0.148 ± 0.039)
  Prod  300K ... done.
  ⟨U/N⟩ = -0.6000 ± 0.0197
  ⟨OP⟩  = 0.1303 ± 0.0125
  P_drop = 0.273   chains_with_droplet = 0/8

── T*=0.465 ──────────────────────────────
  Equil 300K ... done  (OP post-equil: 0.134 ± 0.041)
  Prod  300K ... done.
  ⟨U/N⟩ = -0.6023 ± 0.0124
  ⟨OP⟩  = 0.1304 ± 0.0112
  P_drop = 0.279   chains_with_droplet = 0/8

── T*=0.468 ──────────────────────────────
  Equil 300K ... done  (OP post-equil: 0.151 ± 0.067)
  Prod  300K ... done.
  ⟨U/N⟩ = -0.5942 ± 0.0185
  ⟨OP⟩  = 0.1331 ± 0.0162
  P_drop = 0.275   chains_with_droplet = 2/8

── T*=0.470 ──────────────────────────────
  Equil 300K ... done  (OP post-equil: 0.159 ± 0.076)
  Prod  300K ... done.
  ⟨U/N⟩ = -0.6045 ± 0.0278
  ⟨OP⟩  = 0.1447 ± 0.0259
  P_drop = 0.371   chains_with_droplet = 3/8

Sigmoid fit: T_dew = 0.4520σ  (k=56.4)
Saved: experiments/dew_point_fine/summary.png

==============================================================================
      T*      ⟨U/N⟩    ±σ_U     ⟨OP⟩   ±σ_OP   P_drop   chains
  --------------------------------------------------------------------------
   0.450    -0.6862  0.0342   0.1752  0.0380    0.544     5/8 ← TRANSITION
   0.455    -0.6631  0.0321   0.1738  0.0411    0.492     5/8 ← TRANSITION
   0.460    -0.6192  0.0168   0.1405  0.0125    0.379     2/8 ← TRANSITION
   0.463    -0.6000  0.0197   0.1303  0.0125    0.273     0/8 ← gas
   0.465    -0.6023  0.0124   0.1304  0.0112    0.279     0/8 ← gas
   0.468    -0.5942  0.0185   0.1331  0.0162    0.275     2/8 ← gas
   0.470    -0.6045  0.0278   0.1447  0.0259    0.371     3/8 ← TRANSITION
==============================================================================
Saved: experiments/dew_point_fine/results.csv
Fine scan complete.
